Copyright 1986-2016 Xilinx, Inc. All Rights Reserved.
-----------------------------------------------------------------------------------------------
| Tool Version : Vivado v.2016.2 (win64) Build 1577090 Thu Jun  2 16:32:40 MDT 2016
| Date         : Wed May 09 16:34:02 2018
| Host         : DESKTOP-QNUK6RJ running 64-bit major release  (build 9200)
| Command      : report_control_sets -verbose -file system_top_wrapper_control_sets_placed.rpt
| Design       : system_top_wrapper
| Device       : xc7z020
-----------------------------------------------------------------------------------------------

Control Set Information

Table of Contents
-----------------
1. Summary
2. Flip-Flop Distribution
3. Detailed Control Set Information

1. Summary
----------

+----------------------------------------------------------+-------+
|                          Status                          | Count |
+----------------------------------------------------------+-------+
| Number of unique control sets                            |    34 |
| Unused register locations in slices containing registers |    96 |
+----------------------------------------------------------+-------+


2. Flip-Flop Distribution
-------------------------

+--------------+-----------------------+------------------------+-----------------+--------------+
| Clock Enable | Synchronous Set/Reset | Asynchronous Set/Reset | Total Registers | Total Slices |
+--------------+-----------------------+------------------------+-----------------+--------------+
| No           | No                    | No                     |             103 |           32 |
| No           | No                    | Yes                    |              10 |            6 |
| No           | Yes                   | No                     |              71 |           18 |
| Yes          | No                    | No                     |             368 |           85 |
| Yes          | No                    | Yes                    |              58 |           15 |
| Yes          | Yes                   | No                     |              22 |            7 |
+--------------+-----------------------+------------------------+-----------------+--------------+


3. Detailed Control Set Information
-----------------------------------

+---------------------------------------+-----------------------------------------------------------------------------------------------------------------------------------------------------+------------------------------------------------------------------------------------------------------------------------------------------------+------------------+----------------+
|              Clock Signal             |                                                                    Enable Signal                                                                    |                                                                Set/Reset Signal                                                                | Slice Load Count | Bel Load Count |
+---------------------------------------+-----------------------------------------------------------------------------------------------------------------------------------------------------+------------------------------------------------------------------------------------------------------------------------------------------------+------------------+----------------+
|  system_top_i/clk_wiz_0/inst/clk_out1 | system_top_i/axi_interconnect_0/s00_couplers/auto_pc/inst/gen_axilite.gen_b2s_conv.axilite_b2s/WR.b_channel_0/bid_fifo_0/bresp_push                 |                                                                                                                                                |                1 |              2 |
|  system_top_i/clk_wiz_0/inst/clk_out1 |                                                                                                                                                     | system_top_i/axi_interconnect_0/s00_couplers/auto_pc/inst/gen_axilite.gen_b2s_conv.axilite_b2s/SI_REG/ar_pipe/m_valid_i_reg_0                  |                2 |              4 |
|  system_top_i/clk_wiz_0/inst/clk_out1 |                                                                                                                                                     | system_top_i/axi_interconnect_0/s00_couplers/auto_pc/inst/gen_axilite.gen_b2s_conv.axilite_b2s/SI_REG/aw_pipe/s_ready_i_reg_0                  |                2 |              4 |
|  system_top_i/clk_wiz_0/inst/clk_out1 |                                                                                                                                                     | system_top_i/motor_con_ip_0/U0/u_motor_con_ip_axi_lite_inst/u_motor_con_ip_axi_lite_module_inst/reset                                          |                2 |              4 |
|  system_top_i/clk_wiz_0/inst/clk_out1 |                                                                                                                                                     | system_top_i/proc_sys_reset_0/U0/EXT_LPF/lpf_int                                                                                               |                2 |              4 |
|  system_top_i/clk_wiz_0/inst/clk_out1 | system_top_i/axi_interconnect_0/s00_couplers/auto_pc/inst/gen_axilite.gen_b2s_conv.axilite_b2s/RD.ar_channel_0/ar_cmd_fsm_0/axlen_cnt_reg[3][0]     | system_top_i/axi_interconnect_0/s00_couplers/auto_pc/inst/gen_axilite.gen_b2s_conv.axilite_b2s/RD.ar_channel_0/ar_cmd_fsm_0/axlen_cnt_reg[7]   |                1 |              4 |
|  system_top_i/clk_wiz_0/inst/clk_out1 | system_top_i/axi_interconnect_0/s00_couplers/auto_pc/inst/gen_axilite.gen_b2s_conv.axilite_b2s/WR.aw_channel_0/aw_cmd_fsm_0/axlen_cnt_reg[3][0]     | system_top_i/axi_interconnect_0/s00_couplers/auto_pc/inst/gen_axilite.gen_b2s_conv.axilite_b2s/WR.aw_channel_0/aw_cmd_fsm_0/axlen_cnt_reg[7]_1 |                2 |              4 |
|  system_top_i/clk_wiz_0/inst/clk_out1 | system_top_i/motor_con_ip_0/U0/u_motor_con_ip_axi_lite_inst/u_motor_con_ip_axi_lite_module_inst/w_transfer                                          | system_top_i/motor_con_ip_0/U0/u_motor_con_ip_axi_lite_inst/u_motor_con_ip_axi_lite_module_inst/reset_0                                        |                1 |              4 |
|  system_top_i/clk_wiz_0/inst/clk_out1 | system_top_i/motor_con_ip_0/U0/u_motor_con_ip_axi_lite_inst/u_motor_con_ip_axi_lite_module_inst/E[0]                                                | system_top_i/motor_con_ip_0/U0/u_motor_con_ip_axi_lite_inst/u_motor_con_ip_axi_lite_module_inst/reset                                          |                1 |              4 |
|  system_top_i/clk_wiz_0/inst/clk_out1 | system_top_i/proc_sys_reset_0/U0/SEQ/seq_cnt_en                                                                                                     | system_top_i/proc_sys_reset_0/U0/SEQ/SEQ_COUNTER/clear                                                                                         |                1 |              6 |
|  system_top_i/clk_wiz_0/inst/clk_out1 |                                                                                                                                                     | system_top_i/motor_con_ip_0/U0/u_motor_con_ip_axi_lite_inst/u_motor_con_ip_axi_lite_module_inst/reset_0                                        |                4 |              6 |
|  system_top_i/clk_wiz_0/inst/clk_out1 | system_top_i/axi_interconnect_0/s00_couplers/auto_pc/inst/gen_axilite.gen_b2s_conv.axilite_b2s/WR.b_channel_0/mhandshake_r                          | system_top_i/axi_interconnect_0/s00_couplers/auto_pc/inst/gen_axilite.gen_b2s_conv.axilite_b2s/WR.b_channel_0/bid_fifo_0/SR[0]                 |                3 |              8 |
|  system_top_i/clk_wiz_0/inst/clk_out1 | system_top_i/axi_interconnect_0/s00_couplers/auto_pc/inst/gen_axilite.gen_b2s_conv.axilite_b2s/RD.ar_channel_0/ar_cmd_fsm_0/axaddr_incr_reg[11]     |                                                                                                                                                |                3 |             12 |
|  system_top_i/clk_wiz_0/inst/clk_out1 | system_top_i/axi_interconnect_0/s00_couplers/auto_pc/inst/gen_axilite.gen_b2s_conv.axilite_b2s/RD.ar_channel_0/ar_cmd_fsm_0/E[0]                    |                                                                                                                                                |                4 |             12 |
|  system_top_i/clk_wiz_0/inst/clk_out1 | system_top_i/axi_interconnect_0/s00_couplers/auto_pc/inst/gen_axilite.gen_b2s_conv.axilite_b2s/WR.aw_channel_0/aw_cmd_fsm_0/axaddr_incr_reg[11]     |                                                                                                                                                |                3 |             12 |
|  system_top_i/clk_wiz_0/inst/clk_out1 | system_top_i/axi_interconnect_0/s00_couplers/auto_pc/inst/gen_axilite.gen_b2s_conv.axilite_b2s/WR.aw_channel_0/aw_cmd_fsm_0/E[0]                    |                                                                                                                                                |                5 |             12 |
|  system_top_i/clk_wiz_0/inst/clk_out1 | system_top_i/axi_interconnect_0/s00_couplers/auto_pc/inst/gen_axilite.gen_b2s_conv.axilite_b2s/RD.r_channel_0/r_push_r                              |                                                                                                                                                |                4 |             13 |
|  system_top_i/clk_wiz_0/inst/clk_out1 | system_top_i/axi_interconnect_0/s00_couplers/auto_pc/inst/gen_axilite.gen_b2s_conv.axilite_b2s/SI_REG/b_pipe/p_1_in                                 |                                                                                                                                                |                2 |             14 |
|  system_top_i/clk_wiz_0/inst/clk_out1 | system_top_i/axi_interconnect_0/s00_couplers/auto_pc/inst/gen_axilite.gen_b2s_conv.axilite_b2s/SI_REG/b_pipe/skid_buffer_reg[0]_0                   |                                                                                                                                                |                2 |             14 |
|  system_top_i/clk_wiz_0/inst/clk_out1 | system_top_i/motor_con_ip_0/U0/u_motor_con_ip_axi_lite_inst/u_motor_con_ip_addr_decoder_inst/write_reg_axi_enable                                   |                                                                                                                                                |                2 |             14 |
|  system_top_i/clk_wiz_0/inst/clk_out1 | system_top_i/motor_con_ip_0/U0/u_motor_con_ip_axi_lite_inst/u_motor_con_ip_axi_lite_module_inst/aw_transfer                                         | system_top_i/motor_con_ip_0/U0/u_motor_con_ip_axi_lite_inst/u_motor_con_ip_axi_lite_module_inst/reset_0                                        |                4 |             14 |
|  system_top_i/clk_wiz_0/inst/clk_out1 | system_top_i/axi_interconnect_0/s00_couplers/auto_pc/inst/gen_axilite.gen_b2s_conv.axilite_b2s/RD.ar_channel_0/ar_cmd_fsm_0/axlen_cnt_reg[3][0]     |                                                                                                                                                |                8 |             20 |
|  system_top_i/clk_wiz_0/inst/clk_out1 | system_top_i/axi_interconnect_0/s00_couplers/auto_pc/inst/gen_axilite.gen_b2s_conv.axilite_b2s/WR.aw_channel_0/aw_cmd_fsm_0/axlen_cnt_reg[7]_2      |                                                                                                                                                |                5 |             20 |
|  system_top_i/clk_wiz_0/inst/clk_out1 | system_top_i/axi_interconnect_0/s00_couplers/auto_pc/inst/gen_axilite.gen_b2s_conv.axilite_b2s/WR.aw_channel_0/aw_cmd_fsm_0/axlen_cnt_reg[3][0]     |                                                                                                                                                |                8 |             20 |
|  system_top_i/clk_wiz_0/inst/clk_out1 | system_top_i/axi_interconnect_0/s00_couplers/auto_pc/inst/gen_axilite.gen_b2s_conv.axilite_b2s/RD.r_channel_0/rd_data_fifo_0/wr_en0                 |                                                                                                                                                |                9 |             34 |
|  system_top_i/clk_wiz_0/inst/clk_out1 | system_top_i/axi_interconnect_0/s00_couplers/auto_pc/inst/gen_axilite.gen_b2s_conv.axilite_b2s/SI_REG/ar_pipe/skid_buffer_reg[0]_0                  |                                                                                                                                                |                7 |             36 |
|  system_top_i/clk_wiz_0/inst/clk_out1 | system_top_i/motor_con_ip_0/U0/u_motor_con_ip_axi_lite_inst/u_motor_con_ip_addr_decoder_inst/write_reg_axi_enable                                   | system_top_i/motor_con_ip_0/U0/u_motor_con_ip_axi_lite_inst/u_motor_con_ip_axi_lite_module_inst/reset                                          |                9 |             36 |
|  system_top_i/clk_wiz_0/inst/clk_out1 | system_top_i/axi_interconnect_0/s00_couplers/auto_pc/inst/gen_axilite.gen_b2s_conv.axilite_b2s/SI_REG/aw_pipe/skid_buffer_reg[0]_0                  |                                                                                                                                                |                8 |             36 |
|  system_top_i/clk_wiz_0/inst/clk_out1 | system_top_i/axi_interconnect_0/s00_couplers/auto_pc/inst/gen_axilite.gen_b2s_conv.axilite_b2s/WR.aw_channel_0/aw_cmd_fsm_0/m_payload_i_reg[0][0]   |                                                                                                                                                |                9 |             36 |
|  system_top_i/clk_wiz_0/inst/clk_out1 | system_top_i/axi_interconnect_0/s00_couplers/auto_pc/inst/gen_axilite.gen_b2s_conv.axilite_b2s/RD.ar_channel_0/ar_cmd_fsm_0/m_payload_i_reg[0]_1[0] |                                                                                                                                                |                9 |             36 |
|  system_top_i/clk_wiz_0/inst/clk_out1 | system_top_i/axi_interconnect_0/s00_couplers/auto_pc/inst/gen_axilite.gen_b2s_conv.axilite_b2s/SI_REG/r_pipe/skid_buffer_reg[0]_0                   |                                                                                                                                                |                7 |             47 |
|  system_top_i/clk_wiz_0/inst/clk_out1 | system_top_i/axi_interconnect_0/s00_couplers/auto_pc/inst/gen_axilite.gen_b2s_conv.axilite_b2s/SI_REG/r_pipe/p_1_in                                 |                                                                                                                                                |                8 |             47 |
|  system_top_i/clk_wiz_0/inst/clk_out1 |                                                                                                                                                     | system_top_i/axi_interconnect_0/s00_couplers/auto_pc/inst/gen_axilite.gen_b2s_conv.axilite_b2s/areset_d1                                       |               12 |             59 |
|  system_top_i/clk_wiz_0/inst/clk_out1 |                                                                                                                                                     |                                                                                                                                                |               33 |            104 |
+---------------------------------------+-----------------------------------------------------------------------------------------------------------------------------------------------------+------------------------------------------------------------------------------------------------------------------------------------------------+------------------+----------------+


